2020-08-05T20:14:29.311Z DEBUG c.a.u.n.HttpConnectionManager:125 [cc.arduino.packages.discoverers.serial.SerialDiscovery] Using proxy DIRECT
2020-08-05T20:14:30.329Z INFO c.a.u.n.HttpConnectionManager:148 [cc.arduino.packages.discoverers.serial.SerialDiscovery] Connect to https://builder.arduino.cc/builder/v1/boards/0x04E8/0x6860, method=GET, request id=74FD6B97155542A8
2020-08-05T20:14:30.521Z WARN p.a.h.BoardCloudResolver:79 [cc.arduino.packages.discoverers.serial.SerialDiscovery] Error during get board information by vid, pid
java.net.UnknownHostException: builder.arduino.cc
	at java.net.AbstractPlainSocketImpl.connect(AbstractPlainSocketImpl.java:184) ~[?:1.8.0_191]
	at java.net.PlainSocketImpl.connect(PlainSocketImpl.java:172) ~[?:1.8.0_191]
	at java.net.SocksSocketImpl.connect(SocksSocketImpl.java:392) ~[?:1.8.0_191]
	at java.net.Socket.connect(Socket.java:589) ~[?:1.8.0_191]
	at sun.security.ssl.SSLSocketImpl.connect(SSLSocketImpl.java:666) ~[?:1.8.0_191]
	at sun.net.NetworkClient.doConnect(NetworkClient.java:175) ~[?:1.8.0_191]
	at sun.net.www.http.HttpClient.openServer(HttpClient.java:463) ~[?:1.8.0_191]
	at sun.net.www.http.HttpClient.openServer(HttpClient.java:558) ~[?:1.8.0_191]
	at sun.net.www.protocol.https.HttpsClient.<init>(HttpsClient.java:264) ~[?:1.8.0_191]
	at sun.net.www.protocol.https.HttpsClient.New(HttpsClient.java:367) ~[?:1.8.0_191]
	at sun.net.www.protocol.https.AbstractDelegateHttpsURLConnection.getNewHttpClient(AbstractDelegateHttpsURLConnection.java:191) ~[?:1.8.0_191]
	at sun.net.www.protocol.http.HttpURLConnection.plainConnect0(HttpURLConnection.java:1199) ~[?:1.8.0_191]
	at sun.net.www.protocol.http.HttpURLConnection.plainConnect(HttpURLConnection.java:1050) ~[?:1.8.0_191]
	at sun.net.www.protocol.https.AbstractDelegateHttpsURLConnection.connect(AbstractDelegateHttpsURLConnection.java:177) ~[?:1.8.0_191]
	at sun.net.www.protocol.https.HttpsURLConnectionImpl.connect(HttpsURLConnectionImpl.java:162) ~[?:1.8.0_191]
	at cc.arduino.utils.network.HttpConnectionManager.makeConnection(HttpConnectionManager.java:150) ~[arduino-core.jar:?]
	at cc.arduino.utils.network.HttpConnectionManager.makeConnection(HttpConnectionManager.java:112) ~[arduino-core.jar:?]
	at processing.app.helpers.BoardCloudResolver.getBoardBy(BoardCloudResolver.java:61) [arduino-core.jar:?]
	at cc.arduino.packages.discoverers.serial.SerialDiscovery.forceRefresh(SerialDiscovery.java:206) [arduino-core.jar:?]
	at cc.arduino.packages.discoverers.serial.SerialDiscovery$1.run(SerialDiscovery.java:97) [arduino-core.jar:?]
	at java.util.TimerThread.mainLoop(Timer.java:555) [?:1.8.0_191]
	at java.util.TimerThread.run(Timer.java:505) [?:1.8.0_191]
2020-08-05T20:15:39.596Z INFO c.a.c.p.ContributionInstaller:305 [Timer-0] Start download and signature check of=[https://arduino.esp8266.com/stable/package_esp8266com_index.json, https://raw.githubusercontent.com/wiki/tobozo/Arduino/package_deauther_index.json, https://raw.githubusercontent.com/espressif/arduino-esp32/gh-pages/package_esp32_index.json, https://downloads.arduino.cc/packages/package_index.json]
2020-08-05T20:15:39.610Z INFO c.a.u.n.FileDownloaderCache:92 [Timer-0] Cache folder C:\Users\hp\Documents\Arduino\SKETCHES\ESP32\ESP32_ble_server\data\cache
2020-08-05T20:15:39.659Z INFO c.a.u.n.FileDownloaderCache:149 [Timer-0] Get file cached is expire true, exist false, info FileCached{eTag='null', lastETag='null', remoteURL='https://arduino.esp8266.com/stable/package_esp8266com_index.json', localPath='C:\Users\hp\Documents\Arduino\SKETCHES\ESP32\ESP32_ble_server\data\cache\arduino.esp8266.com\stable\package_esp8266com_index.json', md5='null', createdAt='2020-08-06T01:45:39.638', cacheControl=null} 
2020-08-05T20:15:39.660Z DEBUG c.a.u.n.HttpConnectionManager:125 [Timer-0] Using proxy DIRECT
2020-08-05T20:15:39.661Z INFO c.a.u.n.HttpConnectionManager:148 [Timer-0] Connect to https://arduino.esp8266.com/stable/package_esp8266com_index.json, method=HEAD, request id=B052B37B41DF4D0B
2020-08-05T20:15:39.662Z ERROR c.a.u.n.FileDownloader:199 [Timer-0] The request stop
java.net.UnknownHostException: arduino.esp8266.com
	at java.net.AbstractPlainSocketImpl.connect(AbstractPlainSocketImpl.java:184) ~[?:1.8.0_191]
	at java.net.PlainSocketImpl.connect(PlainSocketImpl.java:172) ~[?:1.8.0_191]
	at java.net.SocksSocketImpl.connect(SocksSocketImpl.java:392) ~[?:1.8.0_191]
	at java.net.Socket.connect(Socket.java:589) ~[?:1.8.0_191]
	at sun.security.ssl.SSLSocketImpl.connect(SSLSocketImpl.java:666) ~[?:1.8.0_191]
	at sun.net.NetworkClient.doConnect(NetworkClient.java:175) ~[?:1.8.0_191]
	at sun.net.www.http.HttpClient.openServer(HttpClient.java:463) ~[?:1.8.0_191]
	at sun.net.www.http.HttpClient.openServer(HttpClient.java:558) ~[?:1.8.0_191]
	at sun.net.www.protocol.https.HttpsClient.<init>(HttpsClient.java:264) ~[?:1.8.0_191]
	at sun.net.www.protocol.https.HttpsClient.New(HttpsClient.java:367) ~[?:1.8.0_191]
	at sun.net.www.protocol.https.AbstractDelegateHttpsURLConnection.getNewHttpClient(AbstractDelegateHttpsURLConnection.java:191) ~[?:1.8.0_191]
	at sun.net.www.protocol.http.HttpURLConnection.plainConnect0(HttpURLConnection.java:1199) ~[?:1.8.0_191]
	at sun.net.www.protocol.http.HttpURLConnection.plainConnect(HttpURLConnection.java:1050) ~[?:1.8.0_191]
	at sun.net.www.protocol.https.AbstractDelegateHttpsURLConnection.connect(AbstractDelegateHttpsURLConnection.java:177) ~[?:1.8.0_191]
	at sun.net.www.protocol.https.HttpsURLConnectionImpl.connect(HttpsURLConnectionImpl.java:162) ~[?:1.8.0_191]
	at cc.arduino.utils.network.HttpConnectionManager.makeConnection(HttpConnectionManager.java:150) ~[arduino-core.jar:?]
	at cc.arduino.utils.network.HttpConnectionManager.makeConnection(HttpConnectionManager.java:106) ~[arduino-core.jar:?]
	at cc.arduino.utils.network.FileDownloaderCache.updateCacheInfo(FileDownloaderCache.java:184) ~[arduino-core.jar:?]
	at cc.arduino.utils.network.FileDownloaderCache.getFileCached(FileDownloaderCache.java:153) ~[arduino-core.jar:?]
	at cc.arduino.utils.network.FileDownloader.downloadFile(FileDownloader.java:167) [arduino-core.jar:?]
	at cc.arduino.utils.network.FileDownloader.download(FileDownloader.java:129) [arduino-core.jar:?]
	at cc.arduino.contributions.DownloadableContributionsDownloader.download(DownloadableContributionsDownloader.java:147) [arduino-core.jar:?]
	at cc.arduino.contributions.DownloadableContributionsDownloader.downloadIndexAndSignature(DownloadableContributionsDownloader.java:165) [arduino-core.jar:?]
	at cc.arduino.contributions.packages.ContributionInstaller.updateIndex(ContributionInstaller.java:306) [arduino-core.jar:?]
	at cc.arduino.contributions.ContributionsSelfCheck.updateContributionIndex(ContributionsSelfCheck.java:215) [pde.jar:?]
	at cc.arduino.contributions.ContributionsSelfCheck.run(ContributionsSelfCheck.java:75) [pde.jar:?]
	at java.util.TimerThread.mainLoop(Timer.java:555) [?:1.8.0_191]
	at java.util.TimerThread.run(Timer.java:505) [?:1.8.0_191]
2020-08-05T20:15:39.663Z ERROR c.a.c.DownloadableContributionsDownloader:181 [Timer-0] Cannot download the package index from https://arduino.esp8266.com/stable/package_esp8266com_index.json the package will be discard
java.lang.Exception: Error downloading https://arduino.esp8266.com/stable/package_esp8266com_index.json
	at cc.arduino.contributions.DownloadableContributionsDownloader.download(DownloadableContributionsDownloader.java:149) ~[arduino-core.jar:?]
	at cc.arduino.contributions.DownloadableContributionsDownloader.downloadIndexAndSignature(DownloadableContributionsDownloader.java:165) [arduino-core.jar:?]
	at cc.arduino.contributions.packages.ContributionInstaller.updateIndex(ContributionInstaller.java:306) [arduino-core.jar:?]
	at cc.arduino.contributions.ContributionsSelfCheck.updateContributionIndex(ContributionsSelfCheck.java:215) [pde.jar:?]
	at cc.arduino.contributions.ContributionsSelfCheck.run(ContributionsSelfCheck.java:75) [pde.jar:?]
	at java.util.TimerThread.mainLoop(Timer.java:555) [?:1.8.0_191]
	at java.util.TimerThread.run(Timer.java:505) [?:1.8.0_191]
Caused by: java.net.UnknownHostException: arduino.esp8266.com
	at java.net.AbstractPlainSocketImpl.connect(AbstractPlainSocketImpl.java:184) ~[?:1.8.0_191]
	at java.net.PlainSocketImpl.connect(PlainSocketImpl.java:172) ~[?:1.8.0_191]
	at java.net.SocksSocketImpl.connect(SocksSocketImpl.java:392) ~[?:1.8.0_191]
	at java.net.Socket.connect(Socket.java:589) ~[?:1.8.0_191]
	at sun.security.ssl.SSLSocketImpl.connect(SSLSocketImpl.java:666) ~[?:1.8.0_191]
	at sun.net.NetworkClient.doConnect(NetworkClient.java:175) ~[?:1.8.0_191]
	at sun.net.www.http.HttpClient.openServer(HttpClient.java:463) ~[?:1.8.0_191]
	at sun.net.www.http.HttpClient.openServer(HttpClient.java:558) ~[?:1.8.0_191]
	at sun.net.www.protocol.https.HttpsClient.<init>(HttpsClient.java:264) ~[?:1.8.0_191]
	at sun.net.www.protocol.https.HttpsClient.New(HttpsClient.java:367) ~[?:1.8.0_191]
	at sun.net.www.protocol.https.AbstractDelegateHttpsURLConnection.getNewHttpClient(AbstractDelegateHttpsURLConnection.java:191) ~[?:1.8.0_191]
	at sun.net.www.protocol.http.HttpURLConnection.plainConnect0(HttpURLConnection.java:1199) ~[?:1.8.0_191]
	at sun.net.www.protocol.http.HttpURLConnection.plainConnect(HttpURLConnection.java:1050) ~[?:1.8.0_191]
	at sun.net.www.protocol.https.AbstractDelegateHttpsURLConnection.connect(AbstractDelegateHttpsURLConnection.java:177) ~[?:1.8.0_191]
	at sun.net.www.protocol.https.HttpsURLConnectionImpl.connect(HttpsURLConnectionImpl.java:162) ~[?:1.8.0_191]
	at cc.arduino.utils.network.HttpConnectionManager.makeConnection(HttpConnectionManager.java:150) ~[arduino-core.jar:?]
	at cc.arduino.utils.network.HttpConnectionManager.makeConnection(HttpConnectionManager.java:106) ~[arduino-core.jar:?]
	at cc.arduino.utils.network.FileDownloaderCache.updateCacheInfo(FileDownloaderCache.java:184) ~[arduino-core.jar:?]
	at cc.arduino.utils.network.FileDownloaderCache.getFileCached(FileDownloaderCache.java:153) ~[arduino-core.jar:?]
	at cc.arduino.utils.network.FileDownloader.downloadFile(FileDownloader.java:167) ~[arduino-core.jar:?]
	at cc.arduino.utils.network.FileDownloader.download(FileDownloader.java:129) ~[arduino-core.jar:?]
	at cc.arduino.contributions.DownloadableContributionsDownloader.download(DownloadableContributionsDownloader.java:147) ~[arduino-core.jar:?]
	... 6 more
2020-08-05T20:15:39.664Z ERROR c.a.c.p.ContributionInstaller:308 [Timer-0] Error downloading https://arduino.esp8266.com/stable/package_esp8266com_index.json
java.lang.Exception: Error downloading https://arduino.esp8266.com/stable/package_esp8266com_index.json
	at cc.arduino.contributions.DownloadableContributionsDownloader.download(DownloadableContributionsDownloader.java:149) ~[arduino-core.jar:?]
	at cc.arduino.contributions.DownloadableContributionsDownloader.downloadIndexAndSignature(DownloadableContributionsDownloader.java:165) ~[arduino-core.jar:?]
	at cc.arduino.contributions.packages.ContributionInstaller.updateIndex(ContributionInstaller.java:306) [arduino-core.jar:?]
	at cc.arduino.contributions.ContributionsSelfCheck.updateContributionIndex(ContributionsSelfCheck.java:215) [pde.jar:?]
	at cc.arduino.contributions.ContributionsSelfCheck.run(ContributionsSelfCheck.java:75) [pde.jar:?]
	at java.util.TimerThread.mainLoop(Timer.java:555) [?:1.8.0_191]
	at java.util.TimerThread.run(Timer.java:505) [?:1.8.0_191]
Caused by: java.net.UnknownHostException: arduino.esp8266.com
	at java.net.AbstractPlainSocketImpl.connect(AbstractPlainSocketImpl.java:184) ~[?:1.8.0_191]
	at java.net.PlainSocketImpl.connect(PlainSocketImpl.java:172) ~[?:1.8.0_191]
	at java.net.SocksSocketImpl.connect(SocksSocketImpl.java:392) ~[?:1.8.0_191]
	at java.net.Socket.connect(Socket.java:589) ~[?:1.8.0_191]
	at sun.security.ssl.SSLSocketImpl.connect(SSLSocketImpl.java:666) ~[?:1.8.0_191]
	at sun.net.NetworkClient.doConnect(NetworkClient.java:175) ~[?:1.8.0_191]
	at sun.net.www.http.HttpClient.openServer(HttpClient.java:463) ~[?:1.8.0_191]
	at sun.net.www.http.HttpClient.openServer(HttpClient.java:558) ~[?:1.8.0_191]
	at sun.net.www.protocol.https.HttpsClient.<init>(HttpsClient.java:264) ~[?:1.8.0_191]
	at sun.net.www.protocol.https.HttpsClient.New(HttpsClient.java:367) ~[?:1.8.0_191]
	at sun.net.www.protocol.https.AbstractDelegateHttpsURLConnection.getNewHttpClient(AbstractDelegateHttpsURLConnection.java:191) ~[?:1.8.0_191]
	at sun.net.www.protocol.http.HttpURLConnection.plainConnect0(HttpURLConnection.java:1199) ~[?:1.8.0_191]
	at sun.net.www.protocol.http.HttpURLConnection.plainConnect(HttpURLConnection.java:1050) ~[?:1.8.0_191]
	at sun.net.www.protocol.https.AbstractDelegateHttpsURLConnection.connect(AbstractDelegateHttpsURLConnection.java:177) ~[?:1.8.0_191]
	at sun.net.www.protocol.https.HttpsURLConnectionImpl.connect(HttpsURLConnectionImpl.java:162) ~[?:1.8.0_191]
	at cc.arduino.utils.network.HttpConnectionManager.makeConnection(HttpConnectionManager.java:150) ~[arduino-core.jar:?]
	at cc.arduino.utils.network.HttpConnectionManager.makeConnection(HttpConnectionManager.java:106) ~[arduino-core.jar:?]
	at cc.arduino.utils.network.FileDownloaderCache.updateCacheInfo(FileDownloaderCache.java:184) ~[arduino-core.jar:?]
	at cc.arduino.utils.network.FileDownloaderCache.getFileCached(FileDownloaderCache.java:153) ~[arduino-core.jar:?]
	at cc.arduino.utils.network.FileDownloader.downloadFile(FileDownloader.java:167) ~[arduino-core.jar:?]
	at cc.arduino.utils.network.FileDownloader.download(FileDownloader.java:129) ~[arduino-core.jar:?]
	at cc.arduino.contributions.DownloadableContributionsDownloader.download(DownloadableContributionsDownloader.java:147) ~[arduino-core.jar:?]
	... 6 more
2020-08-05T20:15:39.666Z INFO c.a.c.p.ContributionInstaller:305 [Timer-0] Start download and signature check of=[https://arduino.esp8266.com/stable/package_esp8266com_index.json, https://raw.githubusercontent.com/wiki/tobozo/Arduino/package_deauther_index.json, https://raw.githubusercontent.com/espressif/arduino-esp32/gh-pages/package_esp32_index.json, https://downloads.arduino.cc/packages/package_index.json]
2020-08-05T20:15:39.667Z INFO c.a.u.n.FileDownloaderCache:149 [Timer-0] Get file cached is expire true, exist false, info FileCached{eTag='null', lastETag='null', remoteURL='https://raw.githubusercontent.com/wiki/tobozo/Arduino/package_deauther_index.json', localPath='C:\Users\hp\Documents\Arduino\SKETCHES\ESP32\ESP32_ble_server\data\cache\raw.githubusercontent.com\wiki\tobozo\Arduino\package_deauther_index.json', md5='null', createdAt='2020-08-06T01:45:39.667', cacheControl=null} 
2020-08-05T20:15:39.668Z DEBUG c.a.u.n.HttpConnectionManager:125 [Timer-0] Using proxy DIRECT
2020-08-05T20:15:39.669Z INFO c.a.u.n.HttpConnectionManager:148 [Timer-0] Connect to https://raw.githubusercontent.com/wiki/tobozo/Arduino/package_deauther_index.json, method=HEAD, request id=2D4F0AC164EF40AD
2020-08-05T20:15:39.670Z ERROR c.a.u.n.FileDownloader:199 [Timer-0] The request stop
java.net.UnknownHostException: raw.githubusercontent.com
	at java.net.AbstractPlainSocketImpl.connect(AbstractPlainSocketImpl.java:184) ~[?:1.8.0_191]
	at java.net.PlainSocketImpl.connect(PlainSocketImpl.java:172) ~[?:1.8.0_191]
	at java.net.SocksSocketImpl.connect(SocksSocketImpl.java:392) ~[?:1.8.0_191]
	at java.net.Socket.connect(Socket.java:589) ~[?:1.8.0_191]
	at sun.security.ssl.SSLSocketImpl.connect(SSLSocketImpl.java:666) ~[?:1.8.0_191]
	at sun.net.NetworkClient.doConnect(NetworkClient.java:175) ~[?:1.8.0_191]
	at sun.net.www.http.HttpClient.openServer(HttpClient.java:463) ~[?:1.8.0_191]
	at sun.net.www.http.HttpClient.openServer(HttpClient.java:558) ~[?:1.8.0_191]
	at sun.net.www.protocol.https.HttpsClient.<init>(HttpsClient.java:264) ~[?:1.8.0_191]
	at sun.net.www.protocol.https.HttpsClient.New(HttpsClient.java:367) ~[?:1.8.0_191]
	at sun.net.www.protocol.https.AbstractDelegateHttpsURLConnection.getNewHttpClient(AbstractDelegateHttpsURLConnection.java:191) ~[?:1.8.0_191]
	at sun.net.www.protocol.http.HttpURLConnection.plainConnect0(HttpURLConnection.java:1199) ~[?:1.8.0_191]
	at sun.net.www.protocol.http.HttpURLConnection.plainConnect(HttpURLConnection.java:1050) ~[?:1.8.0_191]
	at sun.net.www.protocol.https.AbstractDelegateHttpsURLConnection.connect(AbstractDelegateHttpsURLConnection.java:177) ~[?:1.8.0_191]
	at sun.net.www.protocol.https.HttpsURLConnectionImpl.connect(HttpsURLConnectionImpl.java:162) ~[?:1.8.0_191]
	at cc.arduino.utils.network.HttpConnectionManager.makeConnection(HttpConnectionManager.java:150) ~[arduino-core.jar:?]
	at cc.arduino.utils.network.HttpConnectionManager.makeConnection(HttpConnectionManager.java:106) ~[arduino-core.jar:?]
	at cc.arduino.utils.network.FileDownloaderCache.updateCacheInfo(FileDownloaderCache.java:184) ~[arduino-core.jar:?]
	at cc.arduino.utils.network.FileDownloaderCache.getFileCached(FileDownloaderCache.java:153) ~[arduino-core.jar:?]
	at cc.arduino.utils.network.FileDownloader.downloadFile(FileDownloader.java:167) [arduino-core.jar:?]
	at cc.arduino.utils.network.FileDownloader.download(FileDownloader.java:129) [arduino-core.jar:?]
	at cc.arduino.contributions.DownloadableContributionsDownloader.download(DownloadableContributionsDownloader.java:147) [arduino-core.jar:?]
	at cc.arduino.contributions.DownloadableContributionsDownloader.downloadIndexAndSignature(DownloadableContributionsDownloader.java:165) [arduino-core.jar:?]
	at cc.arduino.contributions.packages.ContributionInstaller.updateIndex(ContributionInstaller.java:306) [arduino-core.jar:?]
	at cc.arduino.contributions.ContributionsSelfCheck.updateContributionIndex(ContributionsSelfCheck.java:215) [pde.jar:?]
	at cc.arduino.contributions.ContributionsSelfCheck.run(ContributionsSelfCheck.java:75) [pde.jar:?]
	at java.util.TimerThread.mainLoop(Timer.java:555) [?:1.8.0_191]
	at java.util.TimerThread.run(Timer.java:505) [?:1.8.0_191]
2020-08-05T20:15:39.671Z ERROR c.a.c.DownloadableContributionsDownloader:181 [Timer-0] Cannot download the package index from https://raw.githubusercontent.com/wiki/tobozo/Arduino/package_deauther_index.json the package will be discard
java.lang.Exception: Error downloading https://raw.githubusercontent.com/wiki/tobozo/Arduino/package_deauther_index.json
	at cc.arduino.contributions.DownloadableContributionsDownloader.download(DownloadableContributionsDownloader.java:149) ~[arduino-core.jar:?]
	at cc.arduino.contributions.DownloadableContributionsDownloader.downloadIndexAndSignature(DownloadableContributionsDownloader.java:165) [arduino-core.jar:?]
	at cc.arduino.contributions.packages.ContributionInstaller.updateIndex(ContributionInstaller.java:306) [arduino-core.jar:?]
	at cc.arduino.contributions.ContributionsSelfCheck.updateContributionIndex(ContributionsSelfCheck.java:215) [pde.jar:?]
	at cc.arduino.contributions.ContributionsSelfCheck.run(ContributionsSelfCheck.java:75) [pde.jar:?]
	at java.util.TimerThread.mainLoop(Timer.java:555) [?:1.8.0_191]
	at java.util.TimerThread.run(Timer.java:505) [?:1.8.0_191]
Caused by: java.net.UnknownHostException: raw.githubusercontent.com
	at java.net.AbstractPlainSocketImpl.connect(AbstractPlainSocketImpl.java:184) ~[?:1.8.0_191]
	at java.net.PlainSocketImpl.connect(PlainSocketImpl.java:172) ~[?:1.8.0_191]
	at java.net.SocksSocketImpl.connect(SocksSocketImpl.java:392) ~[?:1.8.0_191]
	at java.net.Socket.connect(Socket.java:589) ~[?:1.8.0_191]
	at sun.security.ssl.SSLSocketImpl.connect(SSLSocketImpl.java:666) ~[?:1.8.0_191]
	at sun.net.NetworkClient.doConnect(NetworkClient.java:175) ~[?:1.8.0_191]
	at sun.net.www.http.HttpClient.openServer(HttpClient.java:463) ~[?:1.8.0_191]
	at sun.net.www.http.HttpClient.openServer(HttpClient.java:558) ~[?:1.8.0_191]
	at sun.net.www.protocol.https.HttpsClient.<init>(HttpsClient.java:264) ~[?:1.8.0_191]
	at sun.net.www.protocol.https.HttpsClient.New(HttpsClient.java:367) ~[?:1.8.0_191]
	at sun.net.www.protocol.https.AbstractDelegateHttpsURLConnection.getNewHttpClient(AbstractDelegateHttpsURLConnection.java:191) ~[?:1.8.0_191]
	at sun.net.www.protocol.http.HttpURLConnection.plainConnect0(HttpURLConnection.java:1199) ~[?:1.8.0_191]
	at sun.net.www.protocol.http.HttpURLConnection.plainConnect(HttpURLConnection.java:1050) ~[?:1.8.0_191]
	at sun.net.www.protocol.https.AbstractDelegateHttpsURLConnection.connect(AbstractDelegateHttpsURLConnection.java:177) ~[?:1.8.0_191]
	at sun.net.www.protocol.https.HttpsURLConnectionImpl.connect(HttpsURLConnectionImpl.java:162) ~[?:1.8.0_191]
	at cc.arduino.utils.network.HttpConnectionManager.makeConnection(HttpConnectionManager.java:150) ~[arduino-core.jar:?]
	at cc.arduino.utils.network.HttpConnectionManager.makeConnection(HttpConnectionManager.java:106) ~[arduino-core.jar:?]
	at cc.arduino.utils.network.FileDownloaderCache.updateCacheInfo(FileDownloaderCache.java:184) ~[arduino-core.jar:?]
	at cc.arduino.utils.network.FileDownloaderCache.getFileCached(FileDownloaderCache.java:153) ~[arduino-core.jar:?]
	at cc.arduino.utils.network.FileDownloader.downloadFile(FileDownloader.java:167) ~[arduino-core.jar:?]
	at cc.arduino.utils.network.FileDownloader.download(FileDownloader.java:129) ~[arduino-core.jar:?]
	at cc.arduino.contributions.DownloadableContributionsDownloader.download(DownloadableContributionsDownloader.java:147) ~[arduino-core.jar:?]
	... 6 more
2020-08-05T20:15:39.672Z ERROR c.a.c.p.ContributionInstaller:308 [Timer-0] Error downloading https://raw.githubusercontent.com/wiki/tobozo/Arduino/package_deauther_index.json
java.lang.Exception: Error downloading https://raw.githubusercontent.com/wiki/tobozo/Arduino/package_deauther_index.json
	at cc.arduino.contributions.DownloadableContributionsDownloader.download(DownloadableContributionsDownloader.java:149) ~[arduino-core.jar:?]
	at cc.arduino.contributions.DownloadableContributionsDownloader.downloadIndexAndSignature(DownloadableContributionsDownloader.java:165) ~[arduino-core.jar:?]
	at cc.arduino.contributions.packages.ContributionInstaller.updateIndex(ContributionInstaller.java:306) [arduino-core.jar:?]
	at cc.arduino.contributions.ContributionsSelfCheck.updateContributionIndex(ContributionsSelfCheck.java:215) [pde.jar:?]
	at cc.arduino.contributions.ContributionsSelfCheck.run(ContributionsSelfCheck.java:75) [pde.jar:?]
	at java.util.TimerThread.mainLoop(Timer.java:555) [?:1.8.0_191]
	at java.util.TimerThread.run(Timer.java:505) [?:1.8.0_191]
Caused by: java.net.UnknownHostException: raw.githubusercontent.com
	at java.net.AbstractPlainSocketImpl.connect(AbstractPlainSocketImpl.java:184) ~[?:1.8.0_191]
	at java.net.PlainSocketImpl.connect(PlainSocketImpl.java:172) ~[?:1.8.0_191]
	at java.net.SocksSocketImpl.connect(SocksSocketImpl.java:392) ~[?:1.8.0_191]
	at java.net.Socket.connect(Socket.java:589) ~[?:1.8.0_191]
	at sun.security.ssl.SSLSocketImpl.connect(SSLSocketImpl.java:666) ~[?:1.8.0_191]
	at sun.net.NetworkClient.doConnect(NetworkClient.java:175) ~[?:1.8.0_191]
	at sun.net.www.http.HttpClient.openServer(HttpClient.java:463) ~[?:1.8.0_191]
	at sun.net.www.http.HttpClient.openServer(HttpClient.java:558) ~[?:1.8.0_191]
	at sun.net.www.protocol.https.HttpsClient.<init>(HttpsClient.java:264) ~[?:1.8.0_191]
	at sun.net.www.protocol.https.HttpsClient.New(HttpsClient.java:367) ~[?:1.8.0_191]
	at sun.net.www.protocol.https.AbstractDelegateHttpsURLConnection.getNewHttpClient(AbstractDelegateHttpsURLConnection.java:191) ~[?:1.8.0_191]
	at sun.net.www.protocol.http.HttpURLConnection.plainConnect0(HttpURLConnection.java:1199) ~[?:1.8.0_191]
	at sun.net.www.protocol.http.HttpURLConnection.plainConnect(HttpURLConnection.java:1050) ~[?:1.8.0_191]
	at sun.net.www.protocol.https.AbstractDelegateHttpsURLConnection.connect(AbstractDelegateHttpsURLConnection.java:177) ~[?:1.8.0_191]
	at sun.net.www.protocol.https.HttpsURLConnectionImpl.connect(HttpsURLConnectionImpl.java:162) ~[?:1.8.0_191]
	at cc.arduino.utils.network.HttpConnectionManager.makeConnection(HttpConnectionManager.java:150) ~[arduino-core.jar:?]
	at cc.arduino.utils.network.HttpConnectionManager.makeConnection(HttpConnectionManager.java:106) ~[arduino-core.jar:?]
	at cc.arduino.utils.network.FileDownloaderCache.updateCacheInfo(FileDownloaderCache.java:184) ~[arduino-core.jar:?]
	at cc.arduino.utils.network.FileDownloaderCache.getFileCached(FileDownloaderCache.java:153) ~[arduino-core.jar:?]
	at cc.arduino.utils.network.FileDownloader.downloadFile(FileDownloader.java:167) ~[arduino-core.jar:?]
	at cc.arduino.utils.network.FileDownloader.download(FileDownloader.java:129) ~[arduino-core.jar:?]
	at cc.arduino.contributions.DownloadableContributionsDownloader.download(DownloadableContributionsDownloader.java:147) ~[arduino-core.jar:?]
	... 6 more
2020-08-05T20:15:39.673Z INFO c.a.c.p.ContributionInstaller:305 [Timer-0] Start download and signature check of=[https://arduino.esp8266.com/stable/package_esp8266com_index.json, https://raw.githubusercontent.com/wiki/tobozo/Arduino/package_deauther_index.json, https://raw.githubusercontent.com/espressif/arduino-esp32/gh-pages/package_esp32_index.json, https://downloads.arduino.cc/packages/package_index.json]
2020-08-05T20:15:39.675Z INFO c.a.u.n.FileDownloaderCache:149 [Timer-0] Get file cached is expire true, exist false, info FileCached{eTag='null', lastETag='null', remoteURL='https://raw.githubusercontent.com/espressif/arduino-esp32/gh-pages/package_esp32_index.json', localPath='C:\Users\hp\Documents\Arduino\SKETCHES\ESP32\ESP32_ble_server\data\cache\raw.githubusercontent.com\espressif\arduino-esp32\gh-pages\package_esp32_index.json', md5='null', createdAt='2020-08-06T01:45:39.674', cacheControl=null} 
2020-08-05T20:15:39.676Z DEBUG c.a.u.n.HttpConnectionManager:125 [Timer-0] Using proxy DIRECT
2020-08-05T20:15:39.676Z INFO c.a.u.n.HttpConnectionManager:148 [Timer-0] Connect to https://raw.githubusercontent.com/espressif/arduino-esp32/gh-pages/package_esp32_index.json, method=HEAD, request id=36FA6150BFFA457B
2020-08-05T20:15:39.677Z ERROR c.a.u.n.FileDownloader:199 [Timer-0] The request stop
java.net.UnknownHostException: raw.githubusercontent.com
	at java.net.AbstractPlainSocketImpl.connect(AbstractPlainSocketImpl.java:184) ~[?:1.8.0_191]
	at java.net.PlainSocketImpl.connect(PlainSocketImpl.java:172) ~[?:1.8.0_191]
	at java.net.SocksSocketImpl.connect(SocksSocketImpl.java:392) ~[?:1.8.0_191]
	at java.net.Socket.connect(Socket.java:589) ~[?:1.8.0_191]
	at sun.security.ssl.SSLSocketImpl.connect(SSLSocketImpl.java:666) ~[?:1.8.0_191]
	at sun.net.NetworkClient.doConnect(NetworkClient.java:175) ~[?:1.8.0_191]
	at sun.net.www.http.HttpClient.openServer(HttpClient.java:463) ~[?:1.8.0_191]
	at sun.net.www.http.HttpClient.openServer(HttpClient.java:558) ~[?:1.8.0_191]
	at sun.net.www.protocol.https.HttpsClient.<init>(HttpsClient.java:264) ~[?:1.8.0_191]
	at sun.net.www.protocol.https.HttpsClient.New(HttpsClient.java:367) ~[?:1.8.0_191]
	at sun.net.www.protocol.https.AbstractDelegateHttpsURLConnection.getNewHttpClient(AbstractDelegateHttpsURLConnection.java:191) ~[?:1.8.0_191]
	at sun.net.www.protocol.http.HttpURLConnection.plainConnect0(HttpURLConnection.java:1199) ~[?:1.8.0_191]
	at sun.net.www.protocol.http.HttpURLConnection.plainConnect(HttpURLConnection.java:1050) ~[?:1.8.0_191]
	at sun.net.www.protocol.https.AbstractDelegateHttpsURLConnection.connect(AbstractDelegateHttpsURLConnection.java:177) ~[?:1.8.0_191]
	at sun.net.www.protocol.https.HttpsURLConnectionImpl.connect(HttpsURLConnectionImpl.java:162) ~[?:1.8.0_191]
	at cc.arduino.utils.network.HttpConnectionManager.makeConnection(HttpConnectionManager.java:150) ~[arduino-core.jar:?]
	at cc.arduino.utils.network.HttpConnectionManager.makeConnection(HttpConnectionManager.java:106) ~[arduino-core.jar:?]
	at cc.arduino.utils.network.FileDownloaderCache.updateCacheInfo(FileDownloaderCache.java:184) ~[arduino-core.jar:?]
	at cc.arduino.utils.network.FileDownloaderCache.getFileCached(FileDownloaderCache.java:153) ~[arduino-core.jar:?]
	at cc.arduino.utils.network.FileDownloader.downloadFile(FileDownloader.java:167) [arduino-core.jar:?]
	at cc.arduino.utils.network.FileDownloader.download(FileDownloader.java:129) [arduino-core.jar:?]
	at cc.arduino.contributions.DownloadableContributionsDownloader.download(DownloadableContributionsDownloader.java:147) [arduino-core.jar:?]
	at cc.arduino.contributions.DownloadableContributionsDownloader.downloadIndexAndSignature(DownloadableContributionsDownloader.java:165) [arduino-core.jar:?]
	at cc.arduino.contributions.packages.ContributionInstaller.updateIndex(ContributionInstaller.java:306) [arduino-core.jar:?]
	at cc.arduino.contributions.ContributionsSelfCheck.updateContributionIndex(ContributionsSelfCheck.java:215) [pde.jar:?]
	at cc.arduino.contributions.ContributionsSelfCheck.run(ContributionsSelfCheck.java:75) [pde.jar:?]
	at java.util.TimerThread.mainLoop(Timer.java:555) [?:1.8.0_191]
	at java.util.TimerThread.run(Timer.java:505) [?:1.8.0_191]
2020-08-05T20:15:39.677Z ERROR c.a.c.DownloadableContributionsDownloader:181 [Timer-0] Cannot download the package index from https://raw.githubusercontent.com/espressif/arduino-esp32/gh-pages/package_esp32_index.json the package will be discard
java.lang.Exception: Error downloading https://raw.githubusercontent.com/espressif/arduino-esp32/gh-pages/package_esp32_index.json
	at cc.arduino.contributions.DownloadableContributionsDownloader.download(DownloadableContributionsDownloader.java:149) ~[arduino-core.jar:?]
	at cc.arduino.contributions.DownloadableContributionsDownloader.downloadIndexAndSignature(DownloadableContributionsDownloader.java:165) [arduino-core.jar:?]
	at cc.arduino.contributions.packages.ContributionInstaller.updateIndex(ContributionInstaller.java:306) [arduino-core.jar:?]
	at cc.arduino.contributions.ContributionsSelfCheck.updateContributionIndex(ContributionsSelfCheck.java:215) [pde.jar:?]
	at cc.arduino.contributions.ContributionsSelfCheck.run(ContributionsSelfCheck.java:75) [pde.jar:?]
	at java.util.TimerThread.mainLoop(Timer.java:555) [?:1.8.0_191]
	at java.util.TimerThread.run(Timer.java:505) [?:1.8.0_191]
Caused by: java.net.UnknownHostException: raw.githubusercontent.com
	at java.net.AbstractPlainSocketImpl.connect(AbstractPlainSocketImpl.java:184) ~[?:1.8.0_191]
	at java.net.PlainSocketImpl.connect(PlainSocketImpl.java:172) ~[?:1.8.0_191]
	at java.net.SocksSocketImpl.connect(SocksSocketImpl.java:392) ~[?:1.8.0_191]
	at java.net.Socket.connect(Socket.java:589) ~[?:1.8.0_191]
	at sun.security.ssl.SSLSocketImpl.connect(SSLSocketImpl.java:666) ~[?:1.8.0_191]
	at sun.net.NetworkClient.doConnect(NetworkClient.java:175) ~[?:1.8.0_191]
	at sun.net.www.http.HttpClient.openServer(HttpClient.java:463) ~[?:1.8.0_191]
	at sun.net.www.http.HttpClient.openServer(HttpClient.java:558) ~[?:1.8.0_191]
	at sun.net.www.protocol.https.HttpsClient.<init>(HttpsClient.java:264) ~[?:1.8.0_191]
	at sun.net.www.protocol.https.HttpsClient.New(HttpsClient.java:367) ~[?:1.8.0_191]
	at sun.net.www.protocol.https.AbstractDelegateHttpsURLConnection.getNewHttpClient(AbstractDelegateHttpsURLConnection.java:191) ~[?:1.8.0_191]
	at sun.net.www.protocol.http.HttpURLConnection.plainConnect0(HttpURLConnection.java:1199) ~[?:1.8.0_191]
	at sun.net.www.protocol.http.HttpURLConnection.plainConnect(HttpURLConnection.java:1050) ~[?:1.8.0_191]
	at sun.net.www.protocol.https.AbstractDelegateHttpsURLConnection.connect(AbstractDelegateHttpsURLConnection.java:177) ~[?:1.8.0_191]
	at sun.net.www.protocol.https.HttpsURLConnectionImpl.connect(HttpsURLConnectionImpl.java:162) ~[?:1.8.0_191]
	at cc.arduino.utils.network.HttpConnectionManager.makeConnection(HttpConnectionManager.java:150) ~[arduino-core.jar:?]
	at cc.arduino.utils.network.HttpConnectionManager.makeConnection(HttpConnectionManager.java:106) ~[arduino-core.jar:?]
	at cc.arduino.utils.network.FileDownloaderCache.updateCacheInfo(FileDownloaderCache.java:184) ~[arduino-core.jar:?]
	at cc.arduino.utils.network.FileDownloaderCache.getFileCached(FileDownloaderCache.java:153) ~[arduino-core.jar:?]
	at cc.arduino.utils.network.FileDownloader.downloadFile(FileDownloader.java:167) ~[arduino-core.jar:?]
	at cc.arduino.utils.network.FileDownloader.download(FileDownloader.java:129) ~[arduino-core.jar:?]
	at cc.arduino.contributions.DownloadableContributionsDownloader.download(DownloadableContributionsDownloader.java:147) ~[arduino-core.jar:?]
	... 6 more
2020-08-05T20:15:39.678Z ERROR c.a.c.p.ContributionInstaller:308 [Timer-0] Error downloading https://raw.githubusercontent.com/espressif/arduino-esp32/gh-pages/package_esp32_index.json
java.lang.Exception: Error downloading https://raw.githubusercontent.com/espressif/arduino-esp32/gh-pages/package_esp32_index.json
	at cc.arduino.contributions.DownloadableContributionsDownloader.download(DownloadableContributionsDownloader.java:149) ~[arduino-core.jar:?]
	at cc.arduino.contributions.DownloadableContributionsDownloader.downloadIndexAndSignature(DownloadableContributionsDownloader.java:165) ~[arduino-core.jar:?]
	at cc.arduino.contributions.packages.ContributionInstaller.updateIndex(ContributionInstaller.java:306) [arduino-core.jar:?]
	at cc.arduino.contributions.ContributionsSelfCheck.updateContributionIndex(ContributionsSelfCheck.java:215) [pde.jar:?]
	at cc.arduino.contributions.ContributionsSelfCheck.run(ContributionsSelfCheck.java:75) [pde.jar:?]
	at java.util.TimerThread.mainLoop(Timer.java:555) [?:1.8.0_191]
	at java.util.TimerThread.run(Timer.java:505) [?:1.8.0_191]
Caused by: java.net.UnknownHostException: raw.githubusercontent.com
	at java.net.AbstractPlainSocketImpl.connect(AbstractPlainSocketImpl.java:184) ~[?:1.8.0_191]
	at java.net.PlainSocketImpl.connect(PlainSocketImpl.java:172) ~[?:1.8.0_191]
	at java.net.SocksSocketImpl.connect(SocksSocketImpl.java:392) ~[?:1.8.0_191]
	at java.net.Socket.connect(Socket.java:589) ~[?:1.8.0_191]
	at sun.security.ssl.SSLSocketImpl.connect(SSLSocketImpl.java:666) ~[?:1.8.0_191]
	at sun.net.NetworkClient.doConnect(NetworkClient.java:175) ~[?:1.8.0_191]
	at sun.net.www.http.HttpClient.openServer(HttpClient.java:463) ~[?:1.8.0_191]
	at sun.net.www.http.HttpClient.openServer(HttpClient.java:558) ~[?:1.8.0_191]
	at sun.net.www.protocol.https.HttpsClient.<init>(HttpsClient.java:264) ~[?:1.8.0_191]
	at sun.net.www.protocol.https.HttpsClient.New(HttpsClient.java:367) ~[?:1.8.0_191]
	at sun.net.www.protocol.https.AbstractDelegateHttpsURLConnection.getNewHttpClient(AbstractDelegateHttpsURLConnection.java:191) ~[?:1.8.0_191]
	at sun.net.www.protocol.http.HttpURLConnection.plainConnect0(HttpURLConnection.java:1199) ~[?:1.8.0_191]
	at sun.net.www.protocol.http.HttpURLConnection.plainConnect(HttpURLConnection.java:1050) ~[?:1.8.0_191]
	at sun.net.www.protocol.https.AbstractDelegateHttpsURLConnection.connect(AbstractDelegateHttpsURLConnection.java:177) ~[?:1.8.0_191]
	at sun.net.www.protocol.https.HttpsURLConnectionImpl.connect(HttpsURLConnectionImpl.java:162) ~[?:1.8.0_191]
	at cc.arduino.utils.network.HttpConnectionManager.makeConnection(HttpConnectionManager.java:150) ~[arduino-core.jar:?]
	at cc.arduino.utils.network.HttpConnectionManager.makeConnection(HttpConnectionManager.java:106) ~[arduino-core.jar:?]
	at cc.arduino.utils.network.FileDownloaderCache.updateCacheInfo(FileDownloaderCache.java:184) ~[arduino-core.jar:?]
	at cc.arduino.utils.network.FileDownloaderCache.getFileCached(FileDownloaderCache.java:153) ~[arduino-core.jar:?]
	at cc.arduino.utils.network.FileDownloader.downloadFile(FileDownloader.java:167) ~[arduino-core.jar:?]
	at cc.arduino.utils.network.FileDownloader.download(FileDownloader.java:129) ~[arduino-core.jar:?]
	at cc.arduino.contributions.DownloadableContributionsDownloader.download(DownloadableContributionsDownloader.java:147) ~[arduino-core.jar:?]
	... 6 more
2020-08-05T20:15:39.679Z INFO c.a.c.p.ContributionInstaller:305 [Timer-0] Start download and signature check of=[https://arduino.esp8266.com/stable/package_esp8266com_index.json, https://raw.githubusercontent.com/wiki/tobozo/Arduino/package_deauther_index.json, https://raw.githubusercontent.com/espressif/arduino-esp32/gh-pages/package_esp32_index.json, https://downloads.arduino.cc/packages/package_index.json]
2020-08-05T20:15:39.681Z INFO c.a.u.n.FileDownloaderCache:149 [Timer-0] Get file cached is expire true, exist false, info FileCached{eTag='null', lastETag='null', remoteURL='https://downloads.arduino.cc/packages/package_index.json', localPath='C:\Users\hp\Documents\Arduino\SKETCHES\ESP32\ESP32_ble_server\data\cache\downloads.arduino.cc\packages\package_index.json', md5='null', createdAt='2020-08-06T01:45:39.681', cacheControl=null} 
2020-08-05T20:15:39.682Z DEBUG c.a.u.n.HttpConnectionManager:125 [Timer-0] Using proxy DIRECT
2020-08-05T20:15:39.682Z INFO c.a.u.n.HttpConnectionManager:148 [Timer-0] Connect to https://downloads.arduino.cc/packages/package_index.json, method=HEAD, request id=1232B52992A645E0
2020-08-05T20:15:39.683Z ERROR c.a.u.n.FileDownloader:199 [Timer-0] The request stop
java.net.UnknownHostException: downloads.arduino.cc
	at java.net.AbstractPlainSocketImpl.connect(AbstractPlainSocketImpl.java:184) ~[?:1.8.0_191]
	at java.net.PlainSocketImpl.connect(PlainSocketImpl.java:172) ~[?:1.8.0_191]
	at java.net.SocksSocketImpl.connect(SocksSocketImpl.java:392) ~[?:1.8.0_191]
	at java.net.Socket.connect(Socket.java:589) ~[?:1.8.0_191]
	at sun.security.ssl.SSLSocketImpl.connect(SSLSocketImpl.java:666) ~[?:1.8.0_191]
	at sun.net.NetworkClient.doConnect(NetworkClient.java:175) ~[?:1.8.0_191]
	at sun.net.www.http.HttpClient.openServer(HttpClient.java:463) ~[?:1.8.0_191]
	at sun.net.www.http.HttpClient.openServer(HttpClient.java:558) ~[?:1.8.0_191]
	at sun.net.www.protocol.https.HttpsClient.<init>(HttpsClient.java:264) ~[?:1.8.0_191]
	at sun.net.www.protocol.https.HttpsClient.New(HttpsClient.java:367) ~[?:1.8.0_191]
	at sun.net.www.protocol.https.AbstractDelegateHttpsURLConnection.getNewHttpClient(AbstractDelegateHttpsURLConnection.java:191) ~[?:1.8.0_191]
	at sun.net.www.protocol.http.HttpURLConnection.plainConnect0(HttpURLConnection.java:1199) ~[?:1.8.0_191]
	at sun.net.www.protocol.http.HttpURLConnection.plainConnect(HttpURLConnection.java:1050) ~[?:1.8.0_191]
	at sun.net.www.protocol.https.AbstractDelegateHttpsURLConnection.connect(AbstractDelegateHttpsURLConnection.java:177) ~[?:1.8.0_191]
	at sun.net.www.protocol.https.HttpsURLConnectionImpl.connect(HttpsURLConnectionImpl.java:162) ~[?:1.8.0_191]
	at cc.arduino.utils.network.HttpConnectionManager.makeConnection(HttpConnectionManager.java:150) ~[arduino-core.jar:?]
	at cc.arduino.utils.network.HttpConnectionManager.makeConnection(HttpConnectionManager.java:106) ~[arduino-core.jar:?]
	at cc.arduino.utils.network.FileDownloaderCache.updateCacheInfo(FileDownloaderCache.java:184) ~[arduino-core.jar:?]
	at cc.arduino.utils.network.FileDownloaderCache.getFileCached(FileDownloaderCache.java:153) ~[arduino-core.jar:?]
	at cc.arduino.utils.network.FileDownloader.downloadFile(FileDownloader.java:167) [arduino-core.jar:?]
	at cc.arduino.utils.network.FileDownloader.download(FileDownloader.java:129) [arduino-core.jar:?]
	at cc.arduino.contributions.DownloadableContributionsDownloader.download(DownloadableContributionsDownloader.java:147) [arduino-core.jar:?]
	at cc.arduino.contributions.DownloadableContributionsDownloader.downloadIndexAndSignature(DownloadableContributionsDownloader.java:165) [arduino-core.jar:?]
	at cc.arduino.contributions.packages.ContributionInstaller.updateIndex(ContributionInstaller.java:306) [arduino-core.jar:?]
	at cc.arduino.contributions.ContributionsSelfCheck.updateContributionIndex(ContributionsSelfCheck.java:215) [pde.jar:?]
	at cc.arduino.contributions.ContributionsSelfCheck.run(ContributionsSelfCheck.java:75) [pde.jar:?]
	at java.util.TimerThread.mainLoop(Timer.java:555) [?:1.8.0_191]
	at java.util.TimerThread.run(Timer.java:505) [?:1.8.0_191]
2020-08-05T20:15:39.685Z ERROR c.a.c.DownloadableContributionsDownloader:181 [Timer-0] Cannot download the package index from https://downloads.arduino.cc/packages/package_index.json the package will be discard
java.lang.Exception: Error downloading https://downloads.arduino.cc/packages/package_index.json
	at cc.arduino.contributions.DownloadableContributionsDownloader.download(DownloadableContributionsDownloader.java:149) ~[arduino-core.jar:?]
	at cc.arduino.contributions.DownloadableContributionsDownloader.downloadIndexAndSignature(DownloadableContributionsDownloader.java:165) [arduino-core.jar:?]
	at cc.arduino.contributions.packages.ContributionInstaller.updateIndex(ContributionInstaller.java:306) [arduino-core.jar:?]
	at cc.arduino.contributions.ContributionsSelfCheck.updateContributionIndex(ContributionsSelfCheck.java:215) [pde.jar:?]
	at cc.arduino.contributions.ContributionsSelfCheck.run(ContributionsSelfCheck.java:75) [pde.jar:?]
	at java.util.TimerThread.mainLoop(Timer.java:555) [?:1.8.0_191]
	at java.util.TimerThread.run(Timer.java:505) [?:1.8.0_191]
Caused by: java.net.UnknownHostException: downloads.arduino.cc
	at java.net.AbstractPlainSocketImpl.connect(AbstractPlainSocketImpl.java:184) ~[?:1.8.0_191]
	at java.net.PlainSocketImpl.connect(PlainSocketImpl.java:172) ~[?:1.8.0_191]
	at java.net.SocksSocketImpl.connect(SocksSocketImpl.java:392) ~[?:1.8.0_191]
	at java.net.Socket.connect(Socket.java:589) ~[?:1.8.0_191]
	at sun.security.ssl.SSLSocketImpl.connect(SSLSocketImpl.java:666) ~[?:1.8.0_191]
	at sun.net.NetworkClient.doConnect(NetworkClient.java:175) ~[?:1.8.0_191]
	at sun.net.www.http.HttpClient.openServer(HttpClient.java:463) ~[?:1.8.0_191]
	at sun.net.www.http.HttpClient.openServer(HttpClient.java:558) ~[?:1.8.0_191]
	at sun.net.www.protocol.https.HttpsClient.<init>(HttpsClient.java:264) ~[?:1.8.0_191]
	at sun.net.www.protocol.https.HttpsClient.New(HttpsClient.java:367) ~[?:1.8.0_191]
	at sun.net.www.protocol.https.AbstractDelegateHttpsURLConnection.getNewHttpClient(AbstractDelegateHttpsURLConnection.java:191) ~[?:1.8.0_191]
	at sun.net.www.protocol.http.HttpURLConnection.plainConnect0(HttpURLConnection.java:1199) ~[?:1.8.0_191]
	at sun.net.www.protocol.http.HttpURLConnection.plainConnect(HttpURLConnection.java:1050) ~[?:1.8.0_191]
	at sun.net.www.protocol.https.AbstractDelegateHttpsURLConnection.connect(AbstractDelegateHttpsURLConnection.java:177) ~[?:1.8.0_191]
	at sun.net.www.protocol.https.HttpsURLConnectionImpl.connect(HttpsURLConnectionImpl.java:162) ~[?:1.8.0_191]
	at cc.arduino.utils.network.HttpConnectionManager.makeConnection(HttpConnectionManager.java:150) ~[arduino-core.jar:?]
	at cc.arduino.utils.network.HttpConnectionManager.makeConnection(HttpConnectionManager.java:106) ~[arduino-core.jar:?]
	at cc.arduino.utils.network.FileDownloaderCache.updateCacheInfo(FileDownloaderCache.java:184) ~[arduino-core.jar:?]
	at cc.arduino.utils.network.FileDownloaderCache.getFileCached(FileDownloaderCache.java:153) ~[arduino-core.jar:?]
	at cc.arduino.utils.network.FileDownloader.downloadFile(FileDownloader.java:167) ~[arduino-core.jar:?]
	at cc.arduino.utils.network.FileDownloader.download(FileDownloader.java:129) ~[arduino-core.jar:?]
	at cc.arduino.contributions.DownloadableContributionsDownloader.download(DownloadableContributionsDownloader.java:147) ~[arduino-core.jar:?]
	... 6 more
2020-08-05T20:15:39.686Z ERROR c.a.c.p.ContributionInstaller:308 [Timer-0] Error downloading https://downloads.arduino.cc/packages/package_index.json
java.lang.Exception: Error downloading https://downloads.arduino.cc/packages/package_index.json
	at cc.arduino.contributions.DownloadableContributionsDownloader.download(DownloadableContributionsDownloader.java:149) ~[arduino-core.jar:?]
	at cc.arduino.contributions.DownloadableContributionsDownloader.downloadIndexAndSignature(DownloadableContributionsDownloader.java:165) ~[arduino-core.jar:?]
	at cc.arduino.contributions.packages.ContributionInstaller.updateIndex(ContributionInstaller.java:306) [arduino-core.jar:?]
	at cc.arduino.contributions.ContributionsSelfCheck.updateContributionIndex(ContributionsSelfCheck.java:215) [pde.jar:?]
	at cc.arduino.contributions.ContributionsSelfCheck.run(ContributionsSelfCheck.java:75) [pde.jar:?]
	at java.util.TimerThread.mainLoop(Timer.java:555) [?:1.8.0_191]
	at java.util.TimerThread.run(Timer.java:505) [?:1.8.0_191]
Caused by: java.net.UnknownHostException: downloads.arduino.cc
	at java.net.AbstractPlainSocketImpl.connect(AbstractPlainSocketImpl.java:184) ~[?:1.8.0_191]
	at java.net.PlainSocketImpl.connect(PlainSocketImpl.java:172) ~[?:1.8.0_191]
	at java.net.SocksSocketImpl.connect(SocksSocketImpl.java:392) ~[?:1.8.0_191]
	at java.net.Socket.connect(Socket.java:589) ~[?:1.8.0_191]
	at sun.security.ssl.SSLSocketImpl.connect(SSLSocketImpl.java:666) ~[?:1.8.0_191]
	at sun.net.NetworkClient.doConnect(NetworkClient.java:175) ~[?:1.8.0_191]
	at sun.net.www.http.HttpClient.openServer(HttpClient.java:463) ~[?:1.8.0_191]
	at sun.net.www.http.HttpClient.openServer(HttpClient.java:558) ~[?:1.8.0_191]
	at sun.net.www.protocol.https.HttpsClient.<init>(HttpsClient.java:264) ~[?:1.8.0_191]
	at sun.net.www.protocol.https.HttpsClient.New(HttpsClient.java:367) ~[?:1.8.0_191]
	at sun.net.www.protocol.https.AbstractDelegateHttpsURLConnection.getNewHttpClient(AbstractDelegateHttpsURLConnection.java:191) ~[?:1.8.0_191]
	at sun.net.www.protocol.http.HttpURLConnection.plainConnect0(HttpURLConnection.java:1199) ~[?:1.8.0_191]
	at sun.net.www.protocol.http.HttpURLConnection.plainConnect(HttpURLConnection.java:1050) ~[?:1.8.0_191]
	at sun.net.www.protocol.https.AbstractDelegateHttpsURLConnection.connect(AbstractDelegateHttpsURLConnection.java:177) ~[?:1.8.0_191]
	at sun.net.www.protocol.https.HttpsURLConnectionImpl.connect(HttpsURLConnectionImpl.java:162) ~[?:1.8.0_191]
	at cc.arduino.utils.network.HttpConnectionManager.makeConnection(HttpConnectionManager.java:150) ~[arduino-core.jar:?]
	at cc.arduino.utils.network.HttpConnectionManager.makeConnection(HttpConnectionManager.java:106) ~[arduino-core.jar:?]
	at cc.arduino.utils.network.FileDownloaderCache.updateCacheInfo(FileDownloaderCache.java:184) ~[arduino-core.jar:?]
	at cc.arduino.utils.network.FileDownloaderCache.getFileCached(FileDownloaderCache.java:153) ~[arduino-core.jar:?]
	at cc.arduino.utils.network.FileDownloader.downloadFile(FileDownloader.java:167) ~[arduino-core.jar:?]
	at cc.arduino.utils.network.FileDownloader.download(FileDownloader.java:129) ~[arduino-core.jar:?]
	at cc.arduino.contributions.DownloadableContributionsDownloader.download(DownloadableContributionsDownloader.java:147) ~[arduino-core.jar:?]
	... 6 more
2020-08-05T20:15:39.686Z INFO c.a.c.p.ContributionInstaller:314 [Timer-0] Downloaded package index URL=[https://arduino.esp8266.com/stable/package_esp8266com_index.json, https://raw.githubusercontent.com/wiki/tobozo/Arduino/package_deauther_index.json, https://raw.githubusercontent.com/espressif/arduino-esp32/gh-pages/package_esp32_index.json, https://downloads.arduino.cc/packages/package_index.json]
2020-08-05T20:15:39.700Z INFO c.a.u.n.FileDownloaderCache:149 [Timer-0] Get file cached is expire true, exist false, info FileCached{eTag='null', lastETag='null', remoteURL='https://downloads.arduino.cc/libraries/library_index.json.gz', localPath='C:\Users\hp\Documents\Arduino\SKETCHES\ESP32\ESP32_ble_server\data\cache\downloads.arduino.cc\libraries\library_index.json.gz', md5='null', createdAt='2020-08-06T01:45:39.7', cacheControl=null} 
2020-08-05T20:15:39.701Z DEBUG c.a.u.n.HttpConnectionManager:125 [Timer-0] Using proxy DIRECT
2020-08-05T20:15:39.702Z INFO c.a.u.n.HttpConnectionManager:148 [Timer-0] Connect to https://downloads.arduino.cc/libraries/library_index.json.gz, method=HEAD, request id=78A14566288F4708
2020-08-05T20:15:39.702Z ERROR c.a.u.n.FileDownloader:199 [Timer-0] The request stop
java.net.UnknownHostException: downloads.arduino.cc
	at java.net.AbstractPlainSocketImpl.connect(AbstractPlainSocketImpl.java:184) ~[?:1.8.0_191]
	at java.net.PlainSocketImpl.connect(PlainSocketImpl.java:172) ~[?:1.8.0_191]
	at java.net.SocksSocketImpl.connect(SocksSocketImpl.java:392) ~[?:1.8.0_191]
	at java.net.Socket.connect(Socket.java:589) ~[?:1.8.0_191]
	at sun.security.ssl.SSLSocketImpl.connect(SSLSocketImpl.java:666) ~[?:1.8.0_191]
	at sun.net.NetworkClient.doConnect(NetworkClient.java:175) ~[?:1.8.0_191]
	at sun.net.www.http.HttpClient.openServer(HttpClient.java:463) ~[?:1.8.0_191]
	at sun.net.www.http.HttpClient.openServer(HttpClient.java:558) ~[?:1.8.0_191]
	at sun.net.www.protocol.https.HttpsClient.<init>(HttpsClient.java:264) ~[?:1.8.0_191]
	at sun.net.www.protocol.https.HttpsClient.New(HttpsClient.java:367) ~[?:1.8.0_191]
	at sun.net.www.protocol.https.AbstractDelegateHttpsURLConnection.getNewHttpClient(AbstractDelegateHttpsURLConnection.java:191) ~[?:1.8.0_191]
	at sun.net.www.protocol.http.HttpURLConnection.plainConnect0(HttpURLConnection.java:1199) ~[?:1.8.0_191]
	at sun.net.www.protocol.http.HttpURLConnection.plainConnect(HttpURLConnection.java:1050) ~[?:1.8.0_191]
	at sun.net.www.protocol.https.AbstractDelegateHttpsURLConnection.connect(AbstractDelegateHttpsURLConnection.java:177) ~[?:1.8.0_191]
	at sun.net.www.protocol.https.HttpsURLConnectionImpl.connect(HttpsURLConnectionImpl.java:162) ~[?:1.8.0_191]
	at cc.arduino.utils.network.HttpConnectionManager.makeConnection(HttpConnectionManager.java:150) ~[arduino-core.jar:?]
	at cc.arduino.utils.network.HttpConnectionManager.makeConnection(HttpConnectionManager.java:106) ~[arduino-core.jar:?]
	at cc.arduino.utils.network.FileDownloaderCache.updateCacheInfo(FileDownloaderCache.java:184) ~[arduino-core.jar:?]
	at cc.arduino.utils.network.FileDownloaderCache.getFileCached(FileDownloaderCache.java:153) ~[arduino-core.jar:?]
	at cc.arduino.utils.network.FileDownloader.downloadFile(FileDownloader.java:167) [arduino-core.jar:?]
	at cc.arduino.utils.network.FileDownloader.download(FileDownloader.java:129) [arduino-core.jar:?]
	at cc.arduino.contributions.DownloadableContributionsDownloader.download(DownloadableContributionsDownloader.java:147) [arduino-core.jar:?]
	at cc.arduino.contributions.DownloadableContributionsDownloader.download(DownloadableContributionsDownloader.java:130) [arduino-core.jar:?]
	at cc.arduino.contributions.JsonDownloader.download(JsonDownloader.java:49) [arduino-core.jar:?]
	at cc.arduino.contributions.GZippedJsonDownloader.download(GZippedJsonDownloader.java:63) [arduino-core.jar:?]
	at cc.arduino.contributions.libraries.LibraryInstaller.updateIndex(LibraryInstaller.java:84) [arduino-core.jar:?]
	at cc.arduino.contributions.ContributionsSelfCheck.updateLibrariesIndex(ContributionsSelfCheck.java:204) [pde.jar:?]
	at cc.arduino.contributions.ContributionsSelfCheck.run(ContributionsSelfCheck.java:76) [pde.jar:?]
	at java.util.TimerThread.mainLoop(Timer.java:555) [?:1.8.0_191]
	at java.util.TimerThread.run(Timer.java:505) [?:1.8.0_191]
2020-08-05T20:15:39.703Z INFO c.a.u.n.FileDownloaderCache:149 [Timer-0] Get file cached is expire true, exist false, info FileCached{eTag='null', lastETag='null', remoteURL='https://downloads.arduino.cc/libraries/library_index.json', localPath='C:\Users\hp\Documents\Arduino\SKETCHES\ESP32\ESP32_ble_server\data\cache\downloads.arduino.cc\libraries\library_index.json', md5='null', createdAt='2020-08-06T01:45:39.703', cacheControl=null} 
2020-08-05T20:15:39.704Z DEBUG c.a.u.n.HttpConnectionManager:125 [Timer-0] Using proxy DIRECT
2020-08-05T20:15:39.704Z INFO c.a.u.n.HttpConnectionManager:148 [Timer-0] Connect to https://downloads.arduino.cc/libraries/library_index.json, method=HEAD, request id=3DB004E23F264C32
2020-08-05T20:15:39.705Z ERROR c.a.u.n.FileDownloader:199 [Timer-0] The request stop
java.net.UnknownHostException: downloads.arduino.cc
	at java.net.AbstractPlainSocketImpl.connect(AbstractPlainSocketImpl.java:184) ~[?:1.8.0_191]
	at java.net.PlainSocketImpl.connect(PlainSocketImpl.java:172) ~[?:1.8.0_191]
	at java.net.SocksSocketImpl.connect(SocksSocketImpl.java:392) ~[?:1.8.0_191]
	at java.net.Socket.connect(Socket.java:589) ~[?:1.8.0_191]
	at sun.security.ssl.SSLSocketImpl.connect(SSLSocketImpl.java:666) ~[?:1.8.0_191]
	at sun.net.NetworkClient.doConnect(NetworkClient.java:175) ~[?:1.8.0_191]
	at sun.net.www.http.HttpClient.openServer(HttpClient.java:463) ~[?:1.8.0_191]
	at sun.net.www.http.HttpClient.openServer(HttpClient.java:558) ~[?:1.8.0_191]
	at sun.net.www.protocol.https.HttpsClient.<init>(HttpsClient.java:264) ~[?:1.8.0_191]
	at sun.net.www.protocol.https.HttpsClient.New(HttpsClient.java:367) ~[?:1.8.0_191]
	at sun.net.www.protocol.https.AbstractDelegateHttpsURLConnection.getNewHttpClient(AbstractDelegateHttpsURLConnection.java:191) ~[?:1.8.0_191]
	at sun.net.www.protocol.http.HttpURLConnection.plainConnect0(HttpURLConnection.java:1199) ~[?:1.8.0_191]
	at sun.net.www.protocol.http.HttpURLConnection.plainConnect(HttpURLConnection.java:1050) ~[?:1.8.0_191]
	at sun.net.www.protocol.https.AbstractDelegateHttpsURLConnection.connect(AbstractDelegateHttpsURLConnection.java:177) ~[?:1.8.0_191]
	at sun.net.www.protocol.https.HttpsURLConnectionImpl.connect(HttpsURLConnectionImpl.java:162) ~[?:1.8.0_191]
	at cc.arduino.utils.network.HttpConnectionManager.makeConnection(HttpConnectionManager.java:150) ~[arduino-core.jar:?]
	at cc.arduino.utils.network.HttpConnectionManager.makeConnection(HttpConnectionManager.java:106) ~[arduino-core.jar:?]
	at cc.arduino.utils.network.FileDownloaderCache.updateCacheInfo(FileDownloaderCache.java:184) ~[arduino-core.jar:?]
	at cc.arduino.utils.network.FileDownloaderCache.getFileCached(FileDownloaderCache.java:153) ~[arduino-core.jar:?]
	at cc.arduino.utils.network.FileDownloader.downloadFile(FileDownloader.java:167) [arduino-core.jar:?]
	at cc.arduino.utils.network.FileDownloader.download(FileDownloader.java:129) [arduino-core.jar:?]
	at cc.arduino.contributions.DownloadableContributionsDownloader.download(DownloadableContributionsDownloader.java:147) [arduino-core.jar:?]
	at cc.arduino.contributions.DownloadableContributionsDownloader.download(DownloadableContributionsDownloader.java:130) [arduino-core.jar:?]
	at cc.arduino.contributions.JsonDownloader.download(JsonDownloader.java:49) [arduino-core.jar:?]
	at cc.arduino.contributions.GZippedJsonDownloader.download(GZippedJsonDownloader.java:66) [arduino-core.jar:?]
	at cc.arduino.contributions.libraries.LibraryInstaller.updateIndex(LibraryInstaller.java:84) [arduino-core.jar:?]
	at cc.arduino.contributions.ContributionsSelfCheck.updateLibrariesIndex(ContributionsSelfCheck.java:204) [pde.jar:?]
	at cc.arduino.contributions.ContributionsSelfCheck.run(ContributionsSelfCheck.java:76) [pde.jar:?]
	at java.util.TimerThread.mainLoop(Timer.java:555) [?:1.8.0_191]
	at java.util.TimerThread.run(Timer.java:505) [?:1.8.0_191]
2020-08-05T20:15:41.695Z DEBUG c.a.u.n.HttpConnectionManager:125 [cc.arduino.packages.discoverers.serial.SerialDiscovery] Using proxy DIRECT
2020-08-05T20:15:41.696Z INFO c.a.u.n.HttpConnectionManager:148 [cc.arduino.packages.discoverers.serial.SerialDiscovery] Connect to https://builder.arduino.cc/builder/v1/boards/0x04E8/0x6860, method=GET, request id=FA3EDC2E1E5C4739
2020-08-05T20:15:41.698Z WARN p.a.h.BoardCloudResolver:79 [cc.arduino.packages.discoverers.serial.SerialDiscovery] Error during get board information by vid, pid
java.net.UnknownHostException: builder.arduino.cc
	at java.net.AbstractPlainSocketImpl.connect(AbstractPlainSocketImpl.java:184) ~[?:1.8.0_191]
	at java.net.PlainSocketImpl.connect(PlainSocketImpl.java:172) ~[?:1.8.0_191]
	at java.net.SocksSocketImpl.connect(SocksSocketImpl.java:392) ~[?:1.8.0_191]
	at java.net.Socket.connect(Socket.java:589) ~[?:1.8.0_191]
	at sun.security.ssl.SSLSocketImpl.connect(SSLSocketImpl.java:666) ~[?:1.8.0_191]
	at sun.net.NetworkClient.doConnect(NetworkClient.java:175) ~[?:1.8.0_191]
	at sun.net.www.http.HttpClient.openServer(HttpClient.java:463) ~[?:1.8.0_191]
	at sun.net.www.http.HttpClient.openServer(HttpClient.java:558) ~[?:1.8.0_191]
	at sun.net.www.protocol.https.HttpsClient.<init>(HttpsClient.java:264) ~[?:1.8.0_191]
	at sun.net.www.protocol.https.HttpsClient.New(HttpsClient.java:367) ~[?:1.8.0_191]
	at sun.net.www.protocol.https.AbstractDelegateHttpsURLConnection.getNewHttpClient(AbstractDelegateHttpsURLConnection.java:191) ~[?:1.8.0_191]
	at sun.net.www.protocol.http.HttpURLConnection.plainConnect0(HttpURLConnection.java:1199) ~[?:1.8.0_191]
	at sun.net.www.protocol.http.HttpURLConnection.plainConnect(HttpURLConnection.java:1050) ~[?:1.8.0_191]
	at sun.net.www.protocol.https.AbstractDelegateHttpsURLConnection.connect(AbstractDelegateHttpsURLConnection.java:177) ~[?:1.8.0_191]
	at sun.net.www.protocol.https.HttpsURLConnectionImpl.connect(HttpsURLConnectionImpl.java:162) ~[?:1.8.0_191]
	at cc.arduino.utils.network.HttpConnectionManager.makeConnection(HttpConnectionManager.java:150) ~[arduino-core.jar:?]
	at cc.arduino.utils.network.HttpConnectionManager.makeConnection(HttpConnectionManager.java:112) ~[arduino-core.jar:?]
	at processing.app.helpers.BoardCloudResolver.getBoardBy(BoardCloudResolver.java:61) [arduino-core.jar:?]
	at cc.arduino.packages.discoverers.serial.SerialDiscovery.forceRefresh(SerialDiscovery.java:206) [arduino-core.jar:?]
	at cc.arduino.packages.discoverers.serial.SerialDiscovery$1.run(SerialDiscovery.java:97) [arduino-core.jar:?]
	at java.util.TimerThread.mainLoop(Timer.java:555) [?:1.8.0_191]
	at java.util.TimerThread.run(Timer.java:505) [?:1.8.0_191]
2020-08-05T20:15:41.727Z DEBUG c.a.u.n.HttpConnectionManager:125 [cc.arduino.packages.discoverers.serial.SerialDiscovery] Using proxy DIRECT
2020-08-05T20:15:41.728Z INFO c.a.u.n.HttpConnectionManager:148 [cc.arduino.packages.discoverers.serial.SerialDiscovery] Connect to https://builder.arduino.cc/builder/v1/boards/0x10C4/0xEA60, method=GET, request id=5CD839336B5943E9
2020-08-05T20:15:41.728Z WARN p.a.h.BoardCloudResolver:79 [cc.arduino.packages.discoverers.serial.SerialDiscovery] Error during get board information by vid, pid
java.net.UnknownHostException: builder.arduino.cc
	at java.net.AbstractPlainSocketImpl.connect(AbstractPlainSocketImpl.java:184) ~[?:1.8.0_191]
	at java.net.PlainSocketImpl.connect(PlainSocketImpl.java:172) ~[?:1.8.0_191]
	at java.net.SocksSocketImpl.connect(SocksSocketImpl.java:392) ~[?:1.8.0_191]
	at java.net.Socket.connect(Socket.java:589) ~[?:1.8.0_191]
	at sun.security.ssl.SSLSocketImpl.connect(SSLSocketImpl.java:666) ~[?:1.8.0_191]
	at sun.net.NetworkClient.doConnect(NetworkClient.java:175) ~[?:1.8.0_191]
	at sun.net.www.http.HttpClient.openServer(HttpClient.java:463) ~[?:1.8.0_191]
	at sun.net.www.http.HttpClient.openServer(HttpClient.java:558) ~[?:1.8.0_191]
	at sun.net.www.protocol.https.HttpsClient.<init>(HttpsClient.java:264) ~[?:1.8.0_191]
	at sun.net.www.protocol.https.HttpsClient.New(HttpsClient.java:367) ~[?:1.8.0_191]
	at sun.net.www.protocol.https.AbstractDelegateHttpsURLConnection.getNewHttpClient(AbstractDelegateHttpsURLConnection.java:191) ~[?:1.8.0_191]
	at sun.net.www.protocol.http.HttpURLConnection.plainConnect0(HttpURLConnection.java:1199) ~[?:1.8.0_191]
	at sun.net.www.protocol.http.HttpURLConnection.plainConnect(HttpURLConnection.java:1050) ~[?:1.8.0_191]
	at sun.net.www.protocol.https.AbstractDelegateHttpsURLConnection.connect(AbstractDelegateHttpsURLConnection.java:177) ~[?:1.8.0_191]
	at sun.net.www.protocol.https.HttpsURLConnectionImpl.connect(HttpsURLConnectionImpl.java:162) ~[?:1.8.0_191]
	at cc.arduino.utils.network.HttpConnectionManager.makeConnection(HttpConnectionManager.java:150) ~[arduino-core.jar:?]
	at cc.arduino.utils.network.HttpConnectionManager.makeConnection(HttpConnectionManager.java:112) ~[arduino-core.jar:?]
	at processing.app.helpers.BoardCloudResolver.getBoardBy(BoardCloudResolver.java:61) [arduino-core.jar:?]
	at cc.arduino.packages.discoverers.serial.SerialDiscovery.forceRefresh(SerialDiscovery.java:206) [arduino-core.jar:?]
	at cc.arduino.packages.discoverers.serial.SerialDiscovery$1.run(SerialDiscovery.java:97) [arduino-core.jar:?]
	at java.util.TimerThread.mainLoop(Timer.java:555) [?:1.8.0_191]
	at java.util.TimerThread.run(Timer.java:505) [?:1.8.0_191]
